Reading netlist file: "C:\Work\fpga-adc\TDC_ADC\impl\gwsynthesis\TDC_ADC.vg"
Parsing netlist file "C:\Work\fpga-adc\TDC_ADC\impl\gwsynthesis\TDC_ADC.vg" completed
Processing netlist completed
Reading constraint file: "C:\Work\fpga-adc\TDC_ADC\src\routing.cst"
Physical Constraint parsed completed
Running placement......
[10%] Placement Phase 0 completed
[20%] Placement Phase 1 completed
[30%] Placement Phase 2 completed
[50%] Placement Phase 3 completed
Running routing......
[60%] Routing Phase 0 completed
[70%] Routing Phase 1 completed
[80%] Routing Phase 2 completed
WARN  (PR1014) : Generic routing resource will be used to clock signal 'start_d' by the specified constraint. And then it may lead to the excessive delay or skew
WARN  (PR1014) : Generic routing resource will be used to clock signal 'clk_d' by the specified constraint. And then it may lead to the excessive delay or skew
[90%] Routing Phase 3 completed
Running timing analysis......
[95%] Timing analysis completed
Placement and routing completed
Bitstream generation in progress......
Bitstream generation completed
Running power analysis......
[100%] Power analysis completed
Generate file "C:\Work\fpga-adc\TDC_ADC\impl\pnr\TDC_ADC.power.html" completed
Generate file "C:\Work\fpga-adc\TDC_ADC\impl\pnr\TDC_ADC.pin.html" completed
Generate file "C:\Work\fpga-adc\TDC_ADC\impl\pnr\TDC_ADC.rpt.html" completed
Generate file "C:\Work\fpga-adc\TDC_ADC\impl\pnr\TDC_ADC.rpt.txt" completed
Generate file "C:\Work\fpga-adc\TDC_ADC\impl\pnr\TDC_ADC.tr.html" completed
Tue Jul 12 17:48:00 2022

